-------------------------------------------------------------------------------
Test set: lberkholtz.advancedjava.assignmentfive.services.DatabaseStockServiceTest
-------------------------------------------------------------------------------
Tests run: 3, Failures: 1, Errors: 0, Skipped: 0, Time elapsed: 0.622 s <<< FAILURE! - in lberkholtz.advancedjava.assignmentfive.services.DatabaseStockServiceTest
testGetQuoteList(lberkholtz.advancedjava.assignmentfive.services.DatabaseStockServiceTest)  Time elapsed: 0.14 s  <<< FAILURE!
junit.framework.AssertionFailedError: verify number of quotes expected:<2> but was:<1>
	at lberkholtz.advancedjava.assignmentfive.services.DatabaseStockServiceTest.testGetQuoteList(DatabaseStockServiceTest.java:66)

